# JRE version: Java(TM) SE Runtime Environment (8.0_181-b13) (build 1.8.0_181-b13)
# Java VM: Java HotSpot(TM) 64-Bit Server VM (25.181-b13 mixed mode bsd-amd64 compressed oops)
Heap:
 PSYoungGen      total 217088K, used 152948K [0x00000007b0000000, 0x00000007c0000000, 0x00000007c0000000)
  eden space 172032K, 62% used [0x00000007b0000000,0x00000007b695faf8,0x00000007ba800000)
  from space 45056K, 99% used [0x00000007ba800000,0x00000007bd3fd648,0x00000007bd400000)
  to   space 45056K, 0% used [0x00000007bd400000,0x00000007bd400000,0x00000007c0000000)
 ParOldGen       total 524288K, used 90967K [0x0000000790000000, 0x00000007b0000000, 0x00000007b0000000)
  object space 524288K, 17% used [0x0000000790000000,0x00000007958d5cf0,0x00000007b0000000)
 Metaspace       used 70014K, capacity 71528K, committed 71680K, reserved 1112064K
  class space    used 8401K, capacity 8837K, committed 8960K, reserved 1048576K
GC Heap History (10 events):
Event: 136.962 GC heap before
{Heap before GC invocations=28 (full 3):
 PSYoungGen      total 228352K, used 211747K [0x00000007b0000000, 0x00000007c0000000, 0x00000007c0000000)
  eden space 193024K, 100% used [0x00000007b0000000,0x00000007bbc80000,0x00000007bbc80000)
  from space 35328K, 52% used [0x00000007bdd80000,0x00000007befc8d10,0x00000007c0000000)
  to   space 33792K, 0% used [0x00000007bbc80000,0x00000007bbc80000,0x00000007bdd80000)
 ParOldGen       total 524288K, used 86699K [0x0000000790000000, 0x00000007b0000000, 0x00000007b0000000)
  object space 524288K, 16% used [0x0000000790000000,0x00000007954aad10,0x00000007b0000000)
 Metaspace       used 65048K, capacity 66246K, committed 66432K, reserved 1107968K
  class space    used 7937K, capacity 8263K, committed 8320K, reserved 1048576K
Event: 136.985 GC heap after
Heap after GC invocations=28 (full 3):
 PSYoungGen      total 226816K, used 22911K [0x00000007b0000000, 0x00000007c0000000, 0x00000007c0000000)
  eden space 193024K, 0% used [0x00000007b0000000,0x00000007b0000000,0x00000007bbc80000)
  from space 33792K, 67% used [0x00000007bbc80000,0x00000007bd2dfc58,0x00000007bdd80000)
  to   space 34304K, 0% used [0x00000007bde80000,0x00000007bde80000,0x00000007c0000000)
 ParOldGen       total 524288K, used 86707K [0x0000000790000000, 0x00000007b0000000, 0x00000007b0000000)
  object space 524288K, 16% used [0x0000000790000000,0x00000007954acd10,0x00000007b0000000)
 Metaspace       used 65048K, capacity 66246K, committed 66432K, reserved 1107968K
  class space    used 7937K, capacity 8263K, committed 8320K, reserved 1048576K
}
Event: 291.800 GC heap before
{Heap before GC invocations=29 (full 3):
 PSYoungGen      total 226816K, used 210435K [0x00000007b0000000, 0x00000007c0000000, 0x00000007c0000000)
  eden space 193024K, 97% used [0x00000007b0000000,0x00000007bb7211e8,0x00000007bbc80000)
  from space 33792K, 67% used [0x00000007bbc80000,0x00000007bd2dfc58,0x00000007bdd80000)
  to   space 34304K, 0% used [0x00000007bde80000,0x00000007bde80000,0x00000007c0000000)
 ParOldGen       total 524288K, used 86707K [0x0000000790000000, 0x00000007b0000000, 0x00000007b0000000)
  object space 524288K, 16% used [0x0000000790000000,0x00000007954acd10,0x00000007b0000000)
 Metaspace       used 66558K, capacity 67888K, committed 68096K, reserved 1110016K
  class space    used 8096K, capacity 8433K, committed 8448K, reserved 1048576K
Event: 291.861 GC heap after
Heap after GC invocations=29 (full 3):
 PSYoungGen      total 223744K, used 28110K [0x00000007b0000000, 0x00000007c0000000, 0x00000007c0000000)
  eden space 189440K, 0% used [0x00000007b0000000,0x00000007b0000000,0x00000007bb900000)
  from space 34304K, 81% used [0x00000007bde80000,0x00000007bf9f39c0,0x00000007c0000000)
  to   space 36352K, 0% used [0x00000007bb900000,0x00000007bb900000,0x00000007bdc80000)
 ParOldGen       total 524288K, used 86715K [0x0000000790000000, 0x00000007b0000000, 0x00000007b0000000)
  object space 524288K, 16% used [0x0000000790000000,0x00000007954aed10,0x00000007b0000000)
 Metaspace       used 66558K, capacity 67888K, committed 68096K, reserved 1110016K
  class space    used 8096K, capacity 8433K, committed 8448K, reserved 1048576K
}
Event: 362.800 GC heap before
{Heap before GC invocations=30 (full 3):
 PSYoungGen      total 223744K, used 217550K [0x00000007b0000000, 0x00000007c0000000, 0x00000007c0000000)
  eden space 189440K, 100% used [0x00000007b0000000,0x00000007bb900000,0x00000007bb900000)
  from space 34304K, 81% used [0x00000007bde80000,0x00000007bf9f39c0,0x00000007c0000000)
  to   space 36352K, 0% used [0x00000007bb900000,0x00000007bb900000,0x00000007bdc80000)
 ParOldGen       total 524288K, used 86715K [0x0000000790000000, 0x00000007b0000000, 0x00000007b0000000)
  object space 524288K, 16% used [0x0000000790000000,0x00000007954aed10,0x00000007b0000000)
 Metaspace       used 67505K, capacity 68860K, committed 68992K, reserved 1110016K
  class space    used 8164K, capacity 8557K, committed 8576K, reserved 1048576K
Event: 362.830 GC heap after
Heap after GC invocations=30 (full 3):
 PSYoungGen      total 221696K, used 31805K [0x00000007b0000000, 0x00000007c0000000, 0x00000007c0000000)
  eden space 189440K, 0% used [0x00000007b0000000,0x00000007b0000000,0x00000007bb900000)
  from space 32256K, 98% used [0x00000007bb900000,0x00000007bd80f6c0,0x00000007bd880000)
  to   space 39424K, 0% used [0x00000007bd980000,0x00000007bd980000,0x00000007c0000000)
 ParOldGen       total 524288K, used 86723K [0x0000000790000000, 0x00000007b0000000, 0x00000007b0000000)
  object space 524288K, 16% used [0x0000000790000000,0x00000007954b0d10,0x00000007b0000000)
 Metaspace       used 67505K, capacity 68860K, committed 68992K, reserved 1110016K
  class space    used 8164K, capacity 8557K, committed 8576K, reserved 1048576K
}
Event: 450.643 GC heap before
{Heap before GC invocations=31 (full 3):
 PSYoungGen      total 221696K, used 221245K [0x00000007b0000000, 0x00000007c0000000, 0x00000007c0000000)
  eden space 189440K, 100% used [0x00000007b0000000,0x00000007bb900000,0x00000007bb900000)
  from space 32256K, 98% used [0x00000007bb900000,0x00000007bd80f6c0,0x00000007bd880000)
  to   space 39424K, 0% used [0x00000007bd980000,0x00000007bd980000,0x00000007c0000000)
 ParOldGen       total 524288K, used 86723K [0x0000000790000000, 0x00000007b0000000, 0x00000007b0000000)
  object space 524288K, 16% used [0x0000000790000000,0x00000007954b0d10,0x00000007b0000000)
 Metaspace       used 68421K, capacity 69926K, committed 70272K, reserved 1110016K
  class space    used 8264K, capacity 8705K, committed 8832K, reserved 1048576K
Event: 450.697 GC heap after
Heap after GC invocations=31 (full 3):
 PSYoungGen      total 211456K, used 39413K [0x00000007b0000000, 0x00000007c0000000, 0x00000007c0000000)
  eden space 172032K, 0% used [0x00000007b0000000,0x00000007b0000000,0x00000007ba800000)
  from space 39424K, 99% used [0x00000007bd980000,0x00000007bfffd718,0x00000007c0000000)
  to   space 45056K, 0% used [0x00000007ba800000,0x00000007ba800000,0x00000007bd400000)
 ParOldGen       total 524288K, used 87365K [0x0000000790000000, 0x00000007b0000000, 0x00000007b0000000)
  object space 524288K, 16% used [0x0000000790000000,0x0000000795551418,0x00000007b0000000)
 Metaspace       used 68421K, capacity 69926K, committed 70272K, reserved 1110016K
  class space    used 8264K, capacity 8705K, committed 8832K, reserved 1048576K
}
Event: 452.613 GC heap before
{Heap before GC invocations=32 (full 3):
 PSYoungGen      total 211456K, used 211445K [0x00000007b0000000, 0x00000007c0000000, 0x00000007c0000000)
  eden space 172032K, 100% used [0x00000007b0000000,0x00000007ba800000,0x00000007ba800000)
  from space 39424K, 99% used [0x00000007bd980000,0x00000007bfffd718,0x00000007c0000000)
  to   space 45056K, 0% used [0x00000007ba800000,0x00000007ba800000,0x00000007bd400000)
 ParOldGen       total 524288K, used 87365K [0x0000000790000000, 0x00000007b0000000, 0x00000007b0000000)
  object space 524288K, 16% used [0x0000000790000000,0x0000000795551418,0x00000007b0000000)
 Metaspace       used 69380K, capacity 70886K, committed 71040K, reserved 1112064K
  class space    used 8334K, capacity 8753K, committed 8832K, reserved 1048576K
Event: 452.661 GC heap after
Heap after GC invocations=32 (full 3):
 PSYoungGen      total 217088K, used 45045K [0x00000007b0000000, 0x00000007c0000000, 0x00000007c0000000)
  eden space 172032K, 0% used [0x00000007b0000000,0x00000007b0000000,0x00000007ba800000)
  from space 45056K, 99% used [0x00000007ba800000,0x00000007bd3fd648,0x00000007bd400000)
  to   space 45056K, 0% used [0x00000007bd400000,0x00000007bd400000,0x00000007c0000000)
 ParOldGen       total 524288K, used 90967K [0x0000000790000000, 0x00000007b0000000, 0x00000007b0000000)
  object space 524288K, 17% used [0x0000000790000000,0x00000007958d5cf0,0x00000007b0000000)
 Metaspace       used 69380K, capacity 70886K, committed 71040K, reserved 1112064K
  class space    used 8334K, capacity 8753K, committed 8832K, reserved 1048576K
}

